#
# There is insufficient memory for the Java Runtime Environment to continue.
# Native memory allocation (malloc) failed to allocate 1048576 bytes for AllocateHeap
# Possible reasons:
#   The system is out of physical RAM or swap space
#   In 32 bit mode, the process size limit was hit
# Possible solutions:
#   Reduce memory load on the system
#   Increase physical memory or swap space
#   Check if swap backing store is full
#   Use 64 bit Java on a 64 bit OS
#   Decrease Java heap size (-Xmx/-Xms)
#   Decrease number of Java threads
#   Decrease Java thread stack sizes (-Xss)
#   Set larger code cache with -XX:ReservedCodeCacheSize=
# This output file may be truncated or incomplete.
#
#  Out of Memory Error (memory/allocation.inline.hpp:61), pid=17644, tid=0x0000000000004510
#
# JRE version:  (8.0_131-b11) (build )
# Java VM: Java HotSpot(TM) 64-Bit Server VM (25.131-b11 mixed mode windows-amd64 compressed oops)
# Failed to write core dump. Minidumps are not enabled by default on client versions of Windows
#

---------------  T H R E A D  ---------------

Current thread (0x0000000002a30800):  JavaThread "Unknown thread" [_thread_in_vm, id=17680, stack(0x0000000002920000,0x0000000002a20000)]

Stack: [0x0000000002920000,0x0000000002a20000]
[error occurred during error reporting (printing stack bounds), id 0xc0000005]

Native frames: (J=compiled Java code, j=interpreted, Vv=VM code, C=native code)


---------------  P R O C E S S  ---------------

Java Threads: ( => current thread )

Other Threads:

=>0x0000000002a30800 (exited) JavaThread "Unknown thread" [_thread_in_vm, id=17680, stack(0x0000000002920000,0x0000000002a20000)]

VM state:not at safepoint (normal execution)

VM Mutex/Monitor currently owned by a thread: None

Heap:
 PSYoungGen      total 38400K, used 665K [0x00000000d5f80000, 0x00000000d8a00000, 0x0000000100000000)
  eden space 33280K, 2% used [0x00000000d5f80000,0x00000000d6026670,0x00000000d8000000)
  from space 5120K, 0% used [0x00000000d8500000,0x00000000d8500000,0x00000000d8a00000)
  to   space 5120K, 0% used [0x00000000d8000000,0x00000000d8000000,0x00000000d8500000)
 ParOldGen       total 87552K, used 0K [0x0000000081e00000, 0x0000000087380000, 0x00000000d5f80000)
  object space 87552K, 0% used [0x0000000081e00000,0x0000000081e00000,0x0000000087380000)
 Metaspace       used 746K, capacity 4480K, committed 4480K, reserved 1056768K
  class space    used 75K, capacity 384K, committed 384K, reserved 1048576K

Card table byte_map: [0x0000000011ef0000,0x00000000122f0000] byte_map_base: 0x0000000011ae1000

Marking Bits: (ParMarkBitMap*) 0x0000000075eec720
 Begin Bits: [0x00000000129a0000, 0x0000000014928000)
 End Bits:   [0x0000000014928000, 0x00000000168b0000)

Polling page: 0x00000000024a0000

CodeCache: size=245760Kb used=328Kb max_used=328Kb free=245431Kb
 bounds [0x0000000002b30000, 0x0000000002da0000, 0x0000000011b30000]
 total_blobs=58 nmethods=0 adapters=38
 compilation: enabled

Compilation events (0 events):
No events

GC Heap History (0 events):
No events

Deoptimization events (0 events):
No events

Internal exceptions (0 events):
No events

Events (10 events):
Event: 0.035 loading class java/lang/Short
Event: 0.035 loading class java/lang/Short done
Event: 0.035 loading class java/lang/Integer
Event: 0.035 loading class java/lang/Integer done
Event: 0.035 loading class java/lang/Long
Event: 0.035 loading class java/lang/Long done
Event: 0.036 loading class java/lang/NullPointerException
Event: 0.037 loading class java/lang/NullPointerException done
Event: 0.037 loading class java/lang/ArithmeticException
Event: 0.037 loading class java/lang/ArithmeticException done


Dynamic libraries:
0x00007ff692430000 - 0x00007ff692467000 	C:\Program Files\Java\jre1.8.0_131\bin\javaw.exe
0x00007ffc14c70000 - 0x00007ffc14e4b000 	C:\WINDOWS\SYSTEM32\ntdll.dll
0x00007ffc12e20000 - 0x00007ffc12ece000 	C:\WINDOWS\System32\KERNEL32.DLL
0x00007ffc11bd0000 - 0x00007ffc11e19000 	C:\WINDOWS\System32\KERNELBASE.dll
0x00007ffc14ac0000 - 0x00007ffc14b61000 	C:\WINDOWS\System32\ADVAPI32.dll
0x00007ffc14bd0000 - 0x00007ffc14c6d000 	C:\WINDOWS\System32\msvcrt.dll
0x00007ffc124c0000 - 0x00007ffc12519000 	C:\WINDOWS\System32\sechost.dll
0x00007ffc130e0000 - 0x00007ffc13205000 	C:\WINDOWS\System32\RPCRT4.dll
0x00007ffc12ed0000 - 0x00007ffc1301a000 	C:\WINDOWS\System32\USER32.dll
0x00007ffc113a0000 - 0x00007ffc113be000 	C:\WINDOWS\System32\win32u.dll
0x00007ffc12490000 - 0x00007ffc124b7000 	C:\WINDOWS\System32\GDI32.dll
0x00007ffc12040000 - 0x00007ffc121c8000 	C:\WINDOWS\System32\gdi32full.dll
0x00007ffc11200000 - 0x00007ffc1129a000 	C:\WINDOWS\System32\msvcp_win.dll
0x00007ffc112a0000 - 0x00007ffc11396000 	C:\WINDOWS\System32\ucrtbase.dll
0x00007ffc03530000 - 0x00007ffc03797000 	C:\WINDOWS\WinSxS\amd64_microsoft.windows.common-controls_6595b64144ccf1df_6.0.15063.0_none_108e4f62dfe5d999\COMCTL32.dll
0x00007ffc12920000 - 0x00007ffc12c19000 	C:\WINDOWS\System32\combase.dll
0x00007ffc11190000 - 0x00007ffc111fa000 	C:\WINDOWS\System32\bcryptPrimitives.dll
0x00007ffc14a90000 - 0x00007ffc14abd000 	C:\WINDOWS\System32\IMM32.DLL
0x00007ffbf32e0000 - 0x00007ffbf3303000 	C:\WINDOWS\SYSTEM32\f_im.dll
0x0000000180000000 - 0x0000000180036000 	C:\Program Files\Fasoo DRM\f_nxa.dll
0x0000000061000000 - 0x00000000612cc000 	C:\Program Files\Fasoo DRM\f_sps.dll
0x00007ffc12cd0000 - 0x00007ffc12e15000 	C:\WINDOWS\System32\ole32.dll
0x00007ffc13020000 - 0x00007ffc130e0000 	C:\WINDOWS\System32\OLEAUT32.dll
0x00007ffc12520000 - 0x00007ffc12571000 	C:\WINDOWS\System32\SHLWAPI.dll
0x00000000023c0000 - 0x00000000023f3000 	C:\WINDOWS\SYSTEM32\f_pbrc12.dll
0x00007ffbff240000 - 0x00007ffbff247000 	C:\WINDOWS\SYSTEM32\msimg32.dll
0x00007ffc0aa40000 - 0x00007ffc0aa4a000 	C:\WINDOWS\SYSTEM32\version.dll
0x00007ffc0bdf0000 - 0x00007ffc0be7a000 	C:\WINDOWS\SYSTEM32\winspool.drv
0x00007ffc10fb0000 - 0x00007ffc10fd5000 	C:\WINDOWS\SYSTEM32\bcrypt.dll
0x00007ffc12720000 - 0x00007ffc12728000 	C:\WINDOWS\System32\psapi.dll
0x00007ffc0c850000 - 0x00007ffc0c863000 	C:\WINDOWS\SYSTEM32\wtsapi32.dll
0x00007ffc13650000 - 0x00007ffc14a87000 	C:\WINDOWS\System32\shell32.dll
0x00007ffc11ff0000 - 0x00007ffc12039000 	C:\WINDOWS\System32\cfgmgr32.dll
0x00007ffc12c20000 - 0x00007ffc12cca000 	C:\WINDOWS\System32\shcore.dll
0x00007ffc11470000 - 0x00007ffc11b62000 	C:\WINDOWS\System32\windows.storage.dll
0x00007ffc11170000 - 0x00007ffc11181000 	C:\WINDOWS\System32\kernel.appcore.dll
0x00007ffc11100000 - 0x00007ffc1114c000 	C:\WINDOWS\System32\powrprof.dll
0x00007ffc11150000 - 0x00007ffc11165000 	C:\WINDOWS\System32\profapi.dll
0x0000000075060000 - 0x0000000075132000 	C:\Program Files\Java\jre1.8.0_131\bin\msvcr100.dll
0x00000000756d0000 - 0x0000000075f6c000 	C:\Program Files\Java\jre1.8.0_131\bin\server\jvm.dll
0x00007ffc01670000 - 0x00007ffc01679000 	C:\WINDOWS\SYSTEM32\WSOCK32.dll
0x00007ffc121d0000 - 0x00007ffc1223c000 	C:\WINDOWS\System32\WS2_32.dll
0x00007ffc07870000 - 0x00007ffc07893000 	C:\WINDOWS\SYSTEM32\WINMM.dll
0x00007ffc076e0000 - 0x00007ffc0770b000 	C:\WINDOWS\SYSTEM32\winmmbase.dll
0x00000000762a0000 - 0x00000000762af000 	C:\Program Files\Java\jre1.8.0_131\bin\verify.dll
0x00000000755c0000 - 0x00000000755e9000 	C:\Program Files\Java\jre1.8.0_131\bin\java.dll
0x00000000755a0000 - 0x00000000755b6000 	C:\Program Files\Java\jre1.8.0_131\bin\zip.dll

VM Arguments:
jvm_args: -Dfile.encoding=MS949 
java_command: EventHandleEx.OpenChallenge
java_class_path (initial): C:\info2017\java_2017\workspace_java\EventHandleEx\bin
Launcher Type: SUN_STANDARD

Environment Variables:
JAVA_HOME=C:\Program Files\Java\jdk1.8.0_121
PATH=C:/Program Files/Java/jre1.8.0_131/bin/server;C:/Program Files/Java/jre1.8.0_131/bin;C:/Program Files/Java/jre1.8.0_131/lib/amd64;C:\oraclexe\app\oracle\product\11.2.0\server\bin;C:\ProgramData\Oracle\Java\javapath;C:\WINDOWS\system32;C:\WINDOWS;C:\WINDOWS\System32\Wbem;C:\WINDOWS\System32\WindowsPowerShell\v1.0\;C\MinGW\bin;C:\WINDOWS\system32\config\systemprofile\.dnx\bin;C:\Program Files\Microsoft DNX\Dnvm\;C:\Program Files (x86)\Windows Kits\8.1\Windows Performance Toolkit\;C:\Program Files\Microsoft SQL Server\130\Tools\Binn\;C:\Program Files\Java\jdk1.8.0_121\bin;C:\Program Files\Git\cmd;C:\Program Files\MySQL\MySQL Utilities 1.6\;C:\Program Files\MySQL\MySQL Server 5.7\bin;C:\Program Files\TortoiseGit\bin;C:\Users\dbs84\AppData\Local\Microsoft\WindowsApps;C:\Program Files (x86)\Microsoft VS Code\bin;C:\Users\dbs84\AppData\Local\Microsoft\WindowsApps;C:\Program Files (x86)\Notepad++;;;C:\info2017\java_2017\eclipse;
USERNAME=dbs84
OS=Windows_NT
PROCESSOR_IDENTIFIER=Intel64 Family 6 Model 78 Stepping 3, GenuineIntel



---------------  S Y S T E M  ---------------

OS: Windows 10.0 , 64 bit Build 15063 (10.0.15063.296)

CPU:total 4 (initial active 4) (2 cores per cpu, 2 threads per core) family 6 model 78 stepping 3, cmov, cx8, fxsr, mmx, sse, sse2, sse3, ssse3, sse4.1, sse4.2, popcnt, avx, avx2, aes, clmul, erms, 3dnowpref, lzcnt, ht, tsc, tscinvbit, bmi1, bmi2, adx

Memory: 4k page, physical 8259484k(2824172k free), swap 23712540k(5560k free)

vm_info: Java HotSpot(TM) 64-Bit Server VM (25.131-b11) for windows-amd64 JRE (1.8.0_131-b11), built on Mar 15 2017 01:23:53 by "java_re" with MS VC++ 10.0 (VS2010)

time: Sun Jul 02 16:26:22 2017
elapsed time: 0 seconds (0d 0h 0m 0s)

